<?xml version="1.0" encoding="ISO-8859-1"?><waet xmlns:xsi="http://www.w3.org/2001/XMLSchema-instance" xsi:noNamespaceSchemaLocation="test-schema.xsd"><setup interface="AB" projectReturn="save.php" returnURL="" randomiseOrder="true" poolSize="0" loudness="-12" calibration="false" crossFade="0" preSilence="0" postSilence="0" playOne="true" minNumberPlays="0"><exitText>Thank you.</exitText><survey location="pre"><surveyquestion id="sessionId" mandatory="true" boxsize="normal"><statement>Please enter your name.</statement></surveyquestion><surveycheckbox id="checkboxtest" mandatory="true" min="0" max="NaN"><statement>Please select with which activities you have any experience</statement><option name="musician">Playing a musical instrument</option><option name="listener">Listening to music</option><option name="noexperience">No experience or interest in music</option></surveycheckbox><surveystatement id="test-intro"><statement>In this test you will hear 10 second audio snippets processed differently. Please select the audio snippet you think sounds the best. You can also comment on what difference you perceive in the comment section.</statement></surveystatement></survey><survey location="post"><surveynumber id="age" min="0"><statement>Please enter your age</statement></surveynumber><surveystatement id="test-thank-you"><statement>Thank you for taking this listening test. Please click 'Submit' and your results will be saved.</statement></surveystatement></survey><metric><metricenable>testTimer</metricenable><metricenable>elementTimer</metricenable><metricenable>elementInitialPosition</metricenable><metricenable>elementTracker</metricenable><metricenable>elementFlagListenedTo</metricenable><metricenable>elementFlagMoved</metricenable><metricenable>elementListenTracker</metricenable></metric><interface><interfaceoption type="check" name="fragmentMoved"/><interfaceoption type="check" name="scalerange"><errormessage>Test Error Message</errormessage></interfaceoption><interfaceoption type="show" name="playhead"/><interfaceoption type="show" name="page-count"/><interfaceoption type="show" name="volume"/><interfaceoption type="show" name="comments"/><interfaceoption type="check" name="fragmentPlayed"/></interface></setup>
<!--moog drum oversampling AA off -->
<page id="moog-drum-AAoff-1xFs-vs-2xFs" hostURL="media/MoogVCFDrum/" randomiseOrder="true" repeatCount="0" loop="false" synchronous="true" loudness="-12" label="default" labelStart="" poolSize="0" alwaysInclude="false" preSilence="0" postSilence="0" playOne="false" restrictMovement="false" minNumberPlays="0"><commentboxprefix>Comment on fragment</commentboxprefix><interface><title>Which sounds better?</title></interface><audioelement url="moogVCF-AAoff-drum-5g-1x44100-100000cutoff-1k-.wav" id="moog-drum-off-1xFs" gain="0" label="" type="normal" alwaysInclude="false" preSilence="0" postSilence="0" minNumberPlays="0"/><audioelement url="moogVCF-AAoff-drum-5g-2x44100-100000cutoff-1k-.wav" id="moog-drum-off-2xFs" gain="0" label="" type="normal" alwaysInclude="false" preSilence="0" postSilence="0" minNumberPlays="0"/><survey location="pre"/><survey location="post"/></page>

<page id="moog-drum-AAoff-1xFs-vs-4xFs" hostURL="media/MoogVCFDrum/" randomiseOrder="true" repeatCount="0" loop="false" synchronous="true" loudness="-12" label="default" labelStart="" poolSize="0" alwaysInclude="false" preSilence="0" postSilence="0" playOne="false" restrictMovement="false" minNumberPlays="0"><commentboxprefix>Comment on fragment</commentboxprefix><interface><title>Which sounds better?</title></interface><audioelement url="moogVCF-AAoff-drum-5g-1x44100-100000cutoff-1k-.wav" id="moog-drum-off-1xFs" gain="0" label="" type="normal" alwaysInclude="false" preSilence="0" postSilence="0" minNumberPlays="0"/><audioelement url="moogVCF-AAoff-drum-5g-4x44100-100000cutoff-1k-.wav" id="moog-drum-off-4xFs" gain="0" label="" type="normal" alwaysInclude="false" preSilence="0" postSilence="0" minNumberPlays="0"/><survey location="pre"/><survey location="post"/></page>

<page id="moog-drum-AAoff-1xFs-vs-8xFs" hostURL="media/MoogVCFDrum/" randomiseOrder="true" repeatCount="0" loop="false" synchronous="true" loudness="-12" label="default" labelStart="" poolSize="0" alwaysInclude="false" preSilence="0" postSilence="0" playOne="false" restrictMovement="false" minNumberPlays="0"><commentboxprefix>Comment on fragment</commentboxprefix><interface><title>Which sounds better?</title></interface><audioelement url="moogVCF-AAoff-drum-5g-1x44100-100000cutoff-1k-.wav" id="moog-drum-off-1xFs" gain="0" label="" type="normal" alwaysInclude="false" preSilence="0" postSilence="0" minNumberPlays="0"/><audioelement url="moogVCF-AAoff-drum-5g-8x44100-100000cutoff-1k-.wav" id="moog-drum-off-8xFs" gain="0" label="" type="normal" alwaysInclude="false" preSilence="0" postSilence="0" minNumberPlays="0"/><survey location="pre"/><survey location="post"/></page>

<page id="moog-drum-AAoff-2xFs-vs-4xFs" hostURL="media/MoogVCFDrum/" randomiseOrder="true" repeatCount="0" loop="false" synchronous="true" loudness="-12" label="default" labelStart="" poolSize="0" alwaysInclude="false" preSilence="0" postSilence="0" playOne="false" restrictMovement="false" minNumberPlays="0"><commentboxprefix>Comment on fragment</commentboxprefix><interface><title>Which sounds better?</title></interface><audioelement url="moogVCF-AAoff-drum-5g-2x44100-100000cutoff-1k-.wav" id="moog-drum-off-2xFs" gain="0" label="" type="normal" alwaysInclude="false" preSilence="0" postSilence="0" minNumberPlays="0"/><audioelement url="moogVCF-AAoff-drum-5g-4x44100-100000cutoff-1k-.wav" id="moog-drum-off-4xFs" gain="0" label="" type="normal" alwaysInclude="false" preSilence="0" postSilence="0" minNumberPlays="0"/><survey location="pre"/><survey location="post"/></page>

<page id="moog-drum-AAoff-2xFs-vs-8xFs" hostURL="media/MoogVCFDrum/" randomiseOrder="true" repeatCount="0" loop="false" synchronous="true" loudness="-12" label="default" labelStart="" poolSize="0" alwaysInclude="false" preSilence="0" postSilence="0" playOne="false" restrictMovement="false" minNumberPlays="0"><commentboxprefix>Comment on fragment</commentboxprefix><interface><title>Which sounds better?</title></interface><audioelement url="moogVCF-AAoff-drum-5g-2x44100-100000cutoff-1k-.wav" id="moog-drum-off-2xFs" gain="0" label="" type="normal" alwaysInclude="false" preSilence="0" postSilence="0" minNumberPlays="0"/><audioelement url="moogVCF-AAoff-drum-5g-8x44100-100000cutoff-1k-.wav" id="moog-drum-off-8xFs" gain="0" label="" type="normal" alwaysInclude="false" preSilence="0" postSilence="0" minNumberPlays="0"/><survey location="pre"/><survey location="post"/></page>

<page id="moog-drum-AAoff-4xFs-vs-8xFs" hostURL="media/MoogVCFDrum/" randomiseOrder="true" repeatCount="0" loop="false" synchronous="true" loudness="-12" label="default" labelStart="" poolSize="0" alwaysInclude="false" preSilence="0" postSilence="0" playOne="false" restrictMovement="false" minNumberPlays="0"><commentboxprefix>Comment on fragment</commentboxprefix><interface><title>Which sounds better?</title></interface><audioelement url="moogVCF-AAoff-drum-5g-4x44100-100000cutoff-1k-.wav" id="moog-drum-off-4xFs" gain="0" label="" type="normal" alwaysInclude="false" preSilence="0" postSilence="0" minNumberPlays="0"/><audioelement url="moogVCF-AAoff-drum-5g-8x44100-100000cutoff-1k-.wav" id="moog-drum-off-8xFs" gain="0" label="" type="normal" alwaysInclude="false" preSilence="0" postSilence="0" minNumberPlays="0"/><survey location="pre"/><survey location="post"/></page>

<!--moog drum oversampling AA on -->
<page id="moog-drum-AAon-1xFs-vs-2xFs" hostURL="media/MoogVCFDrum/" randomiseOrder="true" repeatCount="0" loop="false" synchronous="true" loudness="-12" label="default" labelStart="" poolSize="0" alwaysInclude="false" preSilence="0" postSilence="0" playOne="false" restrictMovement="false" minNumberPlays="0"><commentboxprefix>Comment on fragment</commentboxprefix><interface><title>Which sounds better?</title></interface><audioelement url="moogVCF-AAon-drum-5g-1x44100-100000cutoff-1k-.wav" id="moog-drum-on-1xFs" gain="0" label="" type="normal" alwaysInclude="false" preSilence="0" postSilence="0" minNumberPlays="0"/><audioelement url="moogVCF-AAon-drum-5g-2x44100-100000cutoff-1k-.wav" id="moog-drum-on-2xFs" gain="0" label="" type="normal" alwaysInclude="false" preSilence="0" postSilence="0" minNumberPlays="0"/><survey location="pre"/><survey location="post"/></page>

<page id="moog-drum-AAon-1xFs-vs-4xFs" hostURL="media/MoogVCFDrum/" randomiseOrder="true" repeatCount="0" loop="false" synchronous="true" loudness="-12" label="default" labelStart="" poolSize="0" alwaysInclude="false" preSilence="0" postSilence="0" playOne="false" restrictMovement="false" minNumberPlays="0"><commentboxprefix>Comment on fragment</commentboxprefix><interface><title>Which sounds better?</title></interface><audioelement url="moogVCF-AAon-drum-5g-1x44100-100000cutoff-1k-.wav" id="moog-drum-on-1xFs" gain="0" label="" type="normal" alwaysInclude="false" preSilence="0" postSilence="0" minNumberPlays="0"/><audioelement url="moogVCF-AAon-drum-5g-4x44100-100000cutoff-1k-.wav" id="moog-drum-on-4xFs" gain="0" label="" type="normal" alwaysInclude="false" preSilence="0" postSilence="0" minNumberPlays="0"/><survey location="pre"/><survey location="post"/></page>

<page id="moog-drum-AAon-1xFs-vs-8xFs" hostURL="media/MoogVCFDrum/" randomiseOrder="true" repeatCount="0" loop="false" synchronous="true" loudness="-12" label="default" labelStart="" poolSize="0" alwaysInclude="false" preSilence="0" postSilence="0" playOne="false" restrictMovement="false" minNumberPlays="0"><commentboxprefix>Comment on fragment</commentboxprefix><interface><title>Which sounds better?</title></interface><audioelement url="moogVCF-AAon-drum-5g-1x44100-100000cutoff-1k-.wav" id="moog-drum-on-1xFs" gain="0" label="" type="normal" alwaysInclude="false" preSilence="0" postSilence="0" minNumberPlays="0"/><audioelement url="moogVCF-AAon-drum-5g-8x44100-100000cutoff-1k-.wav" id="moog-drum-on-8xFs" gain="0" label="" type="normal" alwaysInclude="false" preSilence="0" postSilence="0" minNumberPlays="0"/><survey location="pre"/><survey location="post"/></page>

<page id="moog-drum-AAon-2xFs-vs-4xFs" hostURL="media/MoogVCFDrum/" randomiseOrder="true" repeatCount="0" loop="false" synchronous="true" loudness="-12" label="default" labelStart="" poolSize="0" alwaysInclude="false" preSilence="0" postSilence="0" playOne="false" restrictMovement="false" minNumberPlays="0"><commentboxprefix>Comment on fragment</commentboxprefix><interface><title>Which sounds better?</title></interface><audioelement url="moogVCF-AAon-drum-5g-2x44100-100000cutoff-1k-.wav" id="moog-drum-on-2xFs" gain="0" label="" type="normal" alwaysInclude="false" preSilence="0" postSilence="0" minNumberPlays="0"/><audioelement url="moogVCF-AAon-drum-5g-4x44100-100000cutoff-1k-.wav" id="moog-drum-on-4xFs" gain="0" label="" type="normal" alwaysInclude="false" preSilence="0" postSilence="0" minNumberPlays="0"/><survey location="pre"/><survey location="post"/></page>

<page id="moog-drum-AAon-2xFs-vs-8xFs" hostURL="media/MoogVCFDrum/" randomiseOrder="true" repeatCount="0" loop="false" synchronous="true" loudness="-12" label="default" labelStart="" poolSize="0" alwaysInclude="false" preSilence="0" postSilence="0" playOne="false" restrictMovement="false" minNumberPlays="0"><commentboxprefix>Comment on fragment</commentboxprefix><interface><title>Which sounds better?</title></interface><audioelement url="moogVCF-AAon-drum-5g-2x44100-100000cutoff-1k-.wav" id="moog-drum-on-2xFs" gain="0" label="" type="normal" alwaysInclude="false" preSilence="0" postSilence="0" minNumberPlays="0"/><audioelement url="moogVCF-AAon-drum-5g-8x44100-100000cutoff-1k-.wav" id="moog-drum-on-8xFs" gain="0" label="" type="normal" alwaysInclude="false" preSilence="0" postSilence="0" minNumberPlays="0"/><survey location="pre"/><survey location="post"/></page>

<page id="moog-drum-AAon-4xFs-vs-8xFs" hostURL="media/MoogVCFDrum/" randomiseOrder="true" repeatCount="0" loop="false" synchronous="true" loudness="-12" label="default" labelStart="" poolSize="0" alwaysInclude="false" preSilence="0" postSilence="0" playOne="false" restrictMovement="false" minNumberPlays="0"><commentboxprefix>Comment on fragment</commentboxprefix><interface><title>Which sounds better?</title></interface><audioelement url="moogVCF-AAon-drum-5g-4x44100-100000cutoff-1k-.wav" id="moog-drum-on-4xFs" gain="0" label="" type="normal" alwaysInclude="false" preSilence="0" postSilence="0" minNumberPlays="0"/><audioelement url="moogVCF-AAon-drum-5g-8x44100-100000cutoff-1k-.wav" id="moog-drum-on-8xFs" gain="0" label="" type="normal" alwaysInclude="false" preSilence="0" postSilence="0" minNumberPlays="0"/><survey location="pre"/><survey location="post"/></page>

<!-- moog drum AA test -->

<page id="moog-drum-5-1xFs" hostURL="media/MoogVCFDrum/" randomiseOrder="true" repeatCount="0" loop="false" synchronous="true" loudness="-12" label="default" labelStart="" poolSize="0" alwaysInclude="false" preSilence="0" postSilence="0" playOne="false" restrictMovement="false" minNumberPlays="0"><commentboxprefix>Comment on track</commentboxprefix><interface><title>Which sounds better?</title></interface><audioelement url="moogVCF-AAoff-drum-5g-1x44100-100000cutoff-1k-.wav" id="moog-drum-off-5-1xFs" gain="0" label="" type="normal" alwaysInclude="false" preSilence="0" postSilence="0" minNumberPlays="0"/><audioelement url="moogVCF-AAon-drum-5g-1x44100-100000cutoff-1k-.wav" id="moog-drum-on-5-1xFs" gain="0" label="" type="normal" alwaysInclude="false" preSilence="0" postSilence="0" minNumberPlays="0"/><survey location="pre"/><survey location="post"/></page>

<page id="moog-drum-5-2xFs" hostURL="media/MoogVCFDrum/" randomiseOrder="true" repeatCount="0" loop="false" synchronous="true" loudness="-12" label="default" labelStart="" poolSize="0" alwaysInclude="false" preSilence="0" postSilence="0" playOne="false" restrictMovement="false" minNumberPlays="0"><commentboxprefix>Comment on track</commentboxprefix><interface><title>Which sounds better?</title></interface><audioelement url="moogVCF-AAoff-drum-5g-2x44100-100000cutoff-1k-.wav" id="moog-drum-off-5-2xFs" gain="0" label="" type="normal" alwaysInclude="false" preSilence="0" postSilence="0" minNumberPlays="0"/><audioelement url="moogVCF-AAon-drum-5g-2x44100-100000cutoff-1k-.wav" id="moog-drum-on-5-2xFs" gain="0" label="" type="normal" alwaysInclude="false" preSilence="0" postSilence="0" minNumberPlays="0"/><survey location="pre"/><survey location="post"/></page>

<page id="moog-drum-5-4xFs" hostURL="media/MoogVCFDrum/" randomiseOrder="true" repeatCount="0" loop="false" synchronous="false" label="default" labelStart="" poolSize="0" alwaysInclude="false" preSilence="0" postSilence="0" playOne="false" restrictMovement="false" minNumberPlays="0"><commentboxprefix>Comment on track</commentboxprefix><interface><title>Which sounds better?</title></interface><audioelement url="moogVCF-AAoff-drum-5g-4x44100-100000cutoff-1k-.wav" id="moog-drum-off-5-4xFs" gain="0" label="" type="normal" alwaysInclude="false" preSilence="0" postSilence="0" minNumberPlays="0"/><audioelement url="moogVCF-AAon-drum-5g-4x44100-100000cutoff-1k-.wav" id="moog-drum-on-5-4xFs" gain="0" label="" type="normal" alwaysInclude="false" preSilence="0" postSilence="0" minNumberPlays="0"/><survey location="pre"/><survey location="post"/></page>

<page id="moog-drum-5-8xFs" hostURL="media/MoogVCFDrum/" randomiseOrder="true" repeatCount="0" loop="false" synchronous="false" label="default" labelStart="" poolSize="0" alwaysInclude="false" preSilence="0" postSilence="0" playOne="false" restrictMovement="false" minNumberPlays="0"><commentboxprefix>Comment on track</commentboxprefix><interface><title>Which sounds better?</title></interface><audioelement url="moogVCF-AAoff-drum-5g-8x44100-100000cutoff-1k-.wav" id="moog-drum-off-5-8xFs" gain="0" label="" type="normal" alwaysInclude="false" preSilence="0" postSilence="0" minNumberPlays="0"/><audioelement url="moogVCF-AAon-drum-5g-8x44100-100000cutoff-1k-.wav" id="moog-drum-on-5-8xFs" gain="0" label="" type="normal" alwaysInclude="false" preSilence="0" postSilence="0" minNumberPlays="0"/><survey location="pre"/><survey location="post"/></page>

<!-- diode drum oversampling AA off -->
<page id="diode-drum-AAoff-1xFs-vs-2xFs" hostURL="media/DiodeDrum/" randomiseOrder="true" repeatCount="0" loop="false" synchronous="true" loudness="-12" label="default" labelStart="" poolSize="0" alwaysInclude="false" preSilence="0" postSilence="0" playOne="false" restrictMovement="false" minNumberPlays="0"><commentboxprefix>Comment on fragment</commentboxprefix><interface><title>Which sounds better?</title></interface><audioelement url="diodeTrapezoidal-AAoff-drum-5g-1x44100.wav" id="diode-drum-off-1xFs" gain="0" label="" type="normal" alwaysInclude="false" preSilence="0" postSilence="0" minNumberPlays="0"/><audioelement url="diodeTrapezoidal-AAoff-drum-5g-2x44100.wav" id="diode-drum-off-2xFs" gain="0" label="" type="normal" alwaysInclude="false" preSilence="0" postSilence="0" minNumberPlays="0"/><survey location="pre"/><survey location="post"/></page>

<page id="diode-drum-AAoff-1xFs-vs-4xFs" hostURL="media/DiodeDrum/" randomiseOrder="true" repeatCount="0" loop="false" synchronous="true" loudness="-12" label="default" labelStart="" poolSize="0" alwaysInclude="false" preSilence="0" postSilence="0" playOne="false" restrictMovement="false" minNumberPlays="0"><commentboxprefix>Comment on fragment</commentboxprefix><interface><title>Which sounds better?</title></interface><audioelement url="diodeTrapezoidal-AAoff-drum-5g-1x44100.wav" id="diode-drum-off-1xFs" gain="0" label="" type="normal" alwaysInclude="false" preSilence="0" postSilence="0" minNumberPlays="0"/><audioelement url="diodeTrapezoidal-AAoff-drum-5g-4x44100.wav" id="diode-drum-off-4xFs" gain="0" label="" type="normal" alwaysInclude="false" preSilence="0" postSilence="0" minNumberPlays="0"/><survey location="pre"/><survey location="post"/></page>

<page id="diode-drum-AAoff-1xFs-vs-8xFs" hostURL="media/DiodeDrum/" randomiseOrder="true" repeatCount="0" loop="false" synchronous="true" loudness="-12" label="default" labelStart="" poolSize="0" alwaysInclude="false" preSilence="0" postSilence="0" playOne="false" restrictMovement="false" minNumberPlays="0"><commentboxprefix>Comment on fragment</commentboxprefix><interface><title>Which sounds better?</title></interface><audioelement url="diodeTrapezoidal-AAoff-drum-5g-1x44100.wav" id="diode-drum-off-1xFs" gain="0" label="" type="normal" alwaysInclude="false" preSilence="0" postSilence="0" minNumberPlays="0"/><audioelement url="diodeTrapezoidal-AAoff-drum-5g-8x44100.wav" id="diode-drum-off-8xFs" gain="0" label="" type="normal" alwaysInclude="false" preSilence="0" postSilence="0" minNumberPlays="0"/><survey location="pre"/><survey location="post"/></page>

<page id="diode-drum-AAoff-2xFs-vs-4xFs" hostURL="media/DiodeDrum/" randomiseOrder="true" repeatCount="0" loop="false" synchronous="true" loudness="-12" label="default" labelStart="" poolSize="0" alwaysInclude="false" preSilence="0" postSilence="0" playOne="false" restrictMovement="false" minNumberPlays="0"><commentboxprefix>Comment on fragment</commentboxprefix><interface><title>Which sounds better?</title></interface><audioelement url="diodeTrapezoidal-AAoff-drum-5g-2x44100.wav" id="diode-drum-off-2xFs" gain="0" label="" type="normal" alwaysInclude="false" preSilence="0" postSilence="0" minNumberPlays="0"/><audioelement url="diodeTrapezoidal-AAoff-drum-5g-4x44100.wav" id="diode-drum-off-4xFs" gain="0" label="" type="normal" alwaysInclude="false" preSilence="0" postSilence="0" minNumberPlays="0"/><survey location="pre"/><survey location="post"/></page>

<page id="diode-drum-AAoff-2xFs-vs-8xFs" hostURL="media/DiodeDrum/" randomiseOrder="true" repeatCount="0" loop="false" synchronous="true" loudness="-12" label="default" labelStart="" poolSize="0" alwaysInclude="false" preSilence="0" postSilence="0" playOne="false" restrictMovement="false" minNumberPlays="0"><commentboxprefix>Comment on fragment</commentboxprefix><interface><title>Which sounds better?</title></interface><audioelement url="diodeTrapezoidal-AAoff-drum-5g-2x44100.wav" id="diode-drum-off-2xFs" gain="0" label="" type="normal" alwaysInclude="false" preSilence="0" postSilence="0" minNumberPlays="0"/><audioelement url="diodeTrapezoidal-AAoff-drum-5g-8x44100.wav" id="diode-drum-off-8xFs" gain="0" label="" type="normal" alwaysInclude="false" preSilence="0" postSilence="0" minNumberPlays="0"/><survey location="pre"/><survey location="post"/></page>

<page id="diode-drum-AAoff-4xFs-vs-8xFs" hostURL="media/DiodeDrum/" randomiseOrder="true" repeatCount="0" loop="false" synchronous="true" loudness="-12" label="default" labelStart="" poolSize="0" alwaysInclude="false" preSilence="0" postSilence="0" playOne="false" restrictMovement="false" minNumberPlays="0"><commentboxprefix>Comment on fragment</commentboxprefix><interface><title>Which sounds better?</title></interface><audioelement url="diodeTrapezoidal-AAoff-drum-5g-4x44100.wav" id="diode-drum-off-4xFs" gain="0" label="" type="normal" alwaysInclude="false" preSilence="0" postSilence="0" minNumberPlays="0"/><audioelement url="diodeTrapezoidal-AAoff-drum-5g-8x44100.wav" id="diode-drum-off-8xFs" gain="0" label="" type="normal" alwaysInclude="false" preSilence="0" postSilence="0" minNumberPlays="0"/><survey location="pre"/><survey location="post"/></page>


<!--diode drum oversampling AA on -->
<page id="diode-drum-AAon-1xFs-vs-2xFs" hostURL="media/DiodeDrum/" randomiseOrder="true" repeatCount="0" loop="false" synchronous="true" loudness="-12" label="default" labelStart="" poolSize="0" alwaysInclude="false" preSilence="0" postSilence="0" playOne="false" restrictMovement="false" minNumberPlays="0"><commentboxprefix>Comment on fragment</commentboxprefix><interface><title>Which sounds better?</title></interface><audioelement url="diodeTrapezoidal-AAon-drum-5g-1x44100.wav" id="diode-drum-on-1xFs" gain="0" label="" type="normal" alwaysInclude="false" preSilence="0" postSilence="0" minNumberPlays="0"/><audioelement url="diodeTrapezoidal-AAon-drum-5g-2x44100.wav" id="diode-drum-on-2xFs" gain="0" label="" type="normal" alwaysInclude="false" preSilence="0" postSilence="0" minNumberPlays="0"/><survey location="pre"/><survey location="post"/></page>

<page id="diode-drum-AAon-1xFs-vs-4xFs" hostURL="media/DiodeDrum/" randomiseOrder="true" repeatCount="0" loop="false" synchronous="true" loudness="-12" label="default" labelStart="" poolSize="0" alwaysInclude="false" preSilence="0" postSilence="0" playOne="false" restrictMovement="false" minNumberPlays="0"><commentboxprefix>Comment on fragment</commentboxprefix><interface><title>Which sounds better?</title></interface><audioelement url="diodeTrapezoidal-AAon-drum-5g-1x44100.wav" id="diode-drum-on-1xFs" gain="0" label="" type="normal" alwaysInclude="false" preSilence="0" postSilence="0" minNumberPlays="0"/><audioelement url="diodeTrapezoidal-AAon-drum-5g-4x44100.wav" id="diode-drum-on-4xFs" gain="0" label="" type="normal" alwaysInclude="false" preSilence="0" postSilence="0" minNumberPlays="0"/><survey location="pre"/><survey location="post"/></page>

<page id="diode-drum-AAon-1xFs-vs-8xFs" hostURL="media/DiodeDrum/" randomiseOrder="true" repeatCount="0" loop="false" synchronous="true" loudness="-12" label="default" labelStart="" poolSize="0" alwaysInclude="false" preSilence="0" postSilence="0" playOne="false" restrictMovement="false" minNumberPlays="0"><commentboxprefix>Comment on fragment</commentboxprefix><interface><title>Which sounds better?</title></interface><audioelement url="diodeTrapezoidal-AAon-drum-5g-1x44100.wav" id="diode-drum-on-1xFs" gain="0" label="" type="normal" alwaysInclude="false" preSilence="0" postSilence="0" minNumberPlays="0"/><audioelement url="diodeTrapezoidal-AAon-drum-5g-8x44100.wav" id="diode-drum-on-8xFs" gain="0" label="" type="normal" alwaysInclude="false" preSilence="0" postSilence="0" minNumberPlays="0"/><survey location="pre"/><survey location="post"/></page>

<page id="diode-drum-AAon-2xFs-vs-4xFs" hostURL="media/DiodeDrum/" randomiseOrder="true" repeatCount="0" loop="false" synchronous="true" loudness="-12" label="default" labelStart="" poolSize="0" alwaysInclude="false" preSilence="0" postSilence="0" playOne="false" restrictMovement="false" minNumberPlays="0"><commentboxprefix>Comment on fragment</commentboxprefix><interface><title>Which sounds better?</title></interface><audioelement url="diodeTrapezoidal-AAon-drum-5g-2x44100.wav" id="diode-drum-on-2xFs" gain="0" label="" type="normal" alwaysInclude="false" preSilence="0" postSilence="0" minNumberPlays="0"/><audioelement url="diodeTrapezoidal-AAon-drum-5g-4x44100.wav" id="diode-drum-on-4xFs" gain="0" label="" type="normal" alwaysInclude="false" preSilence="0" postSilence="0" minNumberPlays="0"/><survey location="pre"/><survey location="post"/></page>

<page id="diode-drum-AAon-2xFs-vs-8xFs" hostURL="media/DiodeDrum/" randomiseOrder="true" repeatCount="0" loop="false" synchronous="true" loudness="-12" label="default" labelStart="" poolSize="0" alwaysInclude="false" preSilence="0" postSilence="0" playOne="false" restrictMovement="false" minNumberPlays="0"><commentboxprefix>Comment on fragment</commentboxprefix><interface><title>Which sounds better?</title></interface><audioelement url="diodeTrapezoidal-AAon-drum-5g-2x44100.wav" id="diode-drum-on-2xFs" gain="0" label="" type="normal" alwaysInclude="false" preSilence="0" postSilence="0" minNumberPlays="0"/><audioelement url="diodeTrapezoidal-AAon-drum-5g-8x44100.wav" id="diode-drum-on-8xFs" gain="0" label="" type="normal" alwaysInclude="false" preSilence="0" postSilence="0" minNumberPlays="0"/><survey location="pre"/><survey location="post"/></page>

<page id="diode-drum-AAon-4xFs-vs-8xFs" hostURL="media/DiodeDrum/" randomiseOrder="true" repeatCount="0" loop="false" synchronous="true" loudness="-12" label="default" labelStart="" poolSize="0" alwaysInclude="false" preSilence="0" postSilence="0" playOne="false" restrictMovement="false" minNumberPlays="0"><commentboxprefix>Comment on fragment</commentboxprefix><interface><title>Which sounds better?</title></interface><audioelement url="diodeTrapezoidal-AAon-drum-5g-4x44100.wav" id="diode-drum-on-4xFs" gain="0" label="" type="normal" alwaysInclude="false" preSilence="0" postSilence="0" minNumberPlays="0"/><audioelement url="diodeTrapezoidal-AAon-drum-5g-8x44100.wav" id="diode-drum-on-8xFs" gain="0" label="" type="normal" alwaysInclude="false" preSilence="0" postSilence="0" minNumberPlays="0"/><survey location="pre"/><survey location="post"/></page>

<!-- diode drum AA  -->

<page id="diode-drum-5-1xFs" hostURL="media/DiodeDrum/" randomiseOrder="true" repeatCount="0" loop="false" synchronous="false" loudness="-12" label="default" labelStart="" poolSize="0" alwaysInclude="false" preSilence="0" postSilence="0" playOne="false" restrictMovement="false" minNumberPlays="0"><commentboxprefix>Comment on track</commentboxprefix><interface><title>Which sounds better?</title></interface><audioelement url="diodeTrapezoidal-AAoff-drum-5g-1x44100.wav" id="diode-AAoff-drum-5-1xFs" gain="0" label="" type="normal" alwaysInclude="false" preSilence="0" postSilence="0" minNumberPlays="0"/><audioelement url="diodeTrapezoidal-AAon-drum-5g-1x44100.wav" id="diode-AAon-drum-5-1xFs" gain="0" label="" type="normal" alwaysInclude="false" preSilence="0" postSilence="0" minNumberPlays="0"/><survey location="pre"/><survey location="post"/></page>

<page id="diode-drum-5-2xFs" hostURL="media/DiodeDrum/" randomiseOrder="true" repeatCount="0" loop="false" synchronous="true" loudness="-12" label="default" labelStart="" poolSize="0" alwaysInclude="false" preSilence="0" postSilence="0" playOne="false" restrictMovement="false" minNumberPlays="0"><commentboxprefix>Comment on track</commentboxprefix><interface><title>Which sounds best?</title></interface><audioelement url="diodeTrapezoidal-AAoff-drum-5g-2x44100.wav" id="diode-AAoff-drum-5-2xFs" gain="0" label="" type="normal" alwaysInclude="false" preSilence="0" postSilence="0" minNumberPlays="0"/><audioelement url="diodeTrapezoidal-AAon-drum-5g-2x44100.wav" id="diode-AAon-drum-5-2xFs" gain="0" label="" type="normal" alwaysInclude="false" preSilence="0" postSilence="0" minNumberPlays="0"/><survey location="pre"/><survey location="post"/></page>

<page id="diode-drum-5-4xFs" hostURL="media/DiodeDrum/" randomiseOrder="true" repeatCount="0" loop="false" synchronous="true" loudness="-12" label="default" labelStart="" poolSize="0" alwaysInclude="false" preSilence="0" postSilence="0" playOne="false" restrictMovement="false" minNumberPlays="0"><commentboxprefix>Comment on track</commentboxprefix><interface><title>Which sounds better?</title></interface><audioelement url="diodeTrapezoidal-AAoff-drum-5g-4x44100.wav" id="diode-AAoff-drum-5-4xFs" gain="0" label="" type="normal" alwaysInclude="false" preSilence="0" postSilence="0" minNumberPlays="0"/><audioelement url="diodeTrapezoidal-AAon-drum-5g-4x44100.wav" id="diode-AAon-drum-5-4xFs" gain="0" label="" type="normal" alwaysInclude="false" preSilence="0" postSilence="0" minNumberPlays="0"/><survey location="pre"/><survey location="post"/></page>

<page id="diode-drum-5-8xFs" hostURL="media/DiodeDrum/" randomiseOrder="true" repeatCount="0" loop="false" synchronous="true" loudness="-12" label="default" labelStart="" poolSize="0" alwaysInclude="false" preSilence="0" postSilence="0" playOne="false" restrictMovement="false" minNumberPlays="0"><commentboxprefix>Comment on track</commentboxprefix><interface><title>Which sounds better?</title></interface><audioelement url="diodeTrapezoidal-AAoff-drum-5g-8x44100.wav" id="diode-AAoff-drum-5-8xFs" gain="0" label="" type="normal" alwaysInclude="false" preSilence="0" postSilence="0" minNumberPlays="0"/><audioelement url="diodeTrapezoidal-AAon-drum-5g-8x44100.wav" id="diode-AAon-drum-5-8xFs" gain="0" label="" type="normal" alwaysInclude="false" preSilence="0" postSilence="0" minNumberPlays="0"/><survey location="pre"/><survey location="post"/></page>



<!-- moog guitar oversampling AA off -->
<page id="moog-guitar-AAoff-1xFs-vs-2xFs" hostURL="media/MoogVCFGuitar/" randomiseOrder="true" repeatCount="0" loop="false" synchronous="true" loudness="-12" label="default" labelStart="" poolSize="0" alwaysInclude="false" preSilence="0" postSilence="0" playOne="false" restrictMovement="false" minNumberPlays="0"><commentboxprefix>Comment on fragment</commentboxprefix><interface><title>Which sounds better?</title></interface><audioelement url="moogVCF-AAoff-guitar-5g-1x44100-100000cutoff-1k-.wav" id="moog-guitar-off-1xFs" gain="0" label="" type="normal" alwaysInclude="false" preSilence="0" postSilence="0" minNumberPlays="0"/><audioelement url="moogVCF-AAoff-guitar-5g-2x44100-100000cutoff-1k-.wav" id="moog-guitar-off-2xFs" gain="0" label="" type="normal" alwaysInclude="false" preSilence="0" postSilence="0" minNumberPlays="0"/><survey location="pre"/><survey location="post"/></page>

<page id="moog-guitar-AAoff-1xFs-vs-4xFs" hostURL="media/MoogVCFGuitar/" randomiseOrder="true" repeatCount="0" loop="false" synchronous="true" loudness="-12" label="default" labelStart="" poolSize="0" alwaysInclude="false" preSilence="0" postSilence="0" playOne="false" restrictMovement="false" minNumberPlays="0"><commentboxprefix>Comment on fragment</commentboxprefix><interface><title>Which sounds better?</title></interface><audioelement url="moogVCF-AAoff-guitar-5g-1x44100-100000cutoff-1k-.wav" id="moog-guitar-off-1xFs" gain="0" label="" type="normal" alwaysInclude="false" preSilence="0" postSilence="0" minNumberPlays="0"/><audioelement url="moogVCF-AAoff-guitar-5g-4x44100-100000cutoff-1k-.wav" id="moog-guitar-off-4xFs" gain="0" label="" type="normal" alwaysInclude="false" preSilence="0" postSilence="0" minNumberPlays="0"/><survey location="pre"/><survey location="post"/></page>

<page id="moog-guitar-AAoff-1xFs-vs-8xFs" hostURL="media/MoogVCFGuitar/" randomiseOrder="true" repeatCount="0" loop="false" synchronous="true" loudness="-12" label="default" labelStart="" poolSize="0" alwaysInclude="false" preSilence="0" postSilence="0" playOne="false" restrictMovement="false" minNumberPlays="0"><commentboxprefix>Comment on fragment</commentboxprefix><interface><title>Which sounds better?</title></interface><audioelement url="moogVCF-AAoff-guitar-5g-1x44100-100000cutoff-1k-.wav" id="moog-guitar-off-1xFs" gain="0" label="" type="normal" alwaysInclude="false" preSilence="0" postSilence="0" minNumberPlays="0"/><audioelement url="moogVCF-AAoff-guitar-5g-8x44100-100000cutoff-1k-.wav" id="moog-guitar-off-8xFs" gain="0" label="" type="normal" alwaysInclude="false" preSilence="0" postSilence="0" minNumberPlays="0"/><survey location="pre"/><survey location="post"/></page>

<page id="moog-guitar-AAoff-2xFs-vs-4xFs" hostURL="media/MoogVCFGuitar/" randomiseOrder="true" repeatCount="0" loop="false" synchronous="true" loudness="-12" label="default" labelStart="" poolSize="0" alwaysInclude="false" preSilence="0" postSilence="0" playOne="false" restrictMovement="false" minNumberPlays="0"><commentboxprefix>Comment on fragment</commentboxprefix><interface><title>Which sounds better?</title></interface><audioelement url="moogVCF-AAoff-guitar-5g-2x44100-100000cutoff-1k-.wav" id="moog-guitar-off-2xFs" gain="0" label="" type="normal" alwaysInclude="false" preSilence="0" postSilence="0" minNumberPlays="0"/><audioelement url="moogVCF-AAoff-guitar-5g-4x44100-100000cutoff-1k-.wav" id="moog-guitar-off-4xFs" gain="0" label="" type="normal" alwaysInclude="false" preSilence="0" postSilence="0" minNumberPlays="0"/><survey location="pre"/><survey location="post"/></page>

<page id="moog-guitar-AAoff-2xFs-vs-8xFs" hostURL="media/MoogVCFGuitar/" randomiseOrder="true" repeatCount="0" loop="false" synchronous="true" loudness="-12" label="default" labelStart="" poolSize="0" alwaysInclude="false" preSilence="0" postSilence="0" playOne="false" restrictMovement="false" minNumberPlays="0"><commentboxprefix>Comment on fragment</commentboxprefix><interface><title>Which sounds better?</title></interface><audioelement url="moogVCF-AAoff-guitar-5g-2x44100-100000cutoff-1k-.wav" id="moog-guitar-off-2xFs" gain="0" label="" type="normal" alwaysInclude="false" preSilence="0" postSilence="0" minNumberPlays="0"/><audioelement url="moogVCF-AAoff-guitar-5g-8x44100-100000cutoff-1k-.wav" id="moog-guitar-off-8xFs" gain="0" label="" type="normal" alwaysInclude="false" preSilence="0" postSilence="0" minNumberPlays="0"/><survey location="pre"/><survey location="post"/></page>

<page id="moog-guitar-AAoff-4xFs-vs-8xFs" hostURL="media/MoogVCFGuitar/" randomiseOrder="true" repeatCount="0" loop="false" synchronous="true" loudness="-12" label="default" labelStart="" poolSize="0" alwaysInclude="false" preSilence="0" postSilence="0" playOne="false" restrictMovement="false" minNumberPlays="0"><commentboxprefix>Comment on fragment</commentboxprefix><interface><title>Which sounds better?</title></interface><audioelement url="moogVCF-AAoff-guitar-5g-4x44100-100000cutoff-1k-.wav" id="moog-guitar-off-4xFs" gain="0" label="" type="normal" alwaysInclude="false" preSilence="0" postSilence="0" minNumberPlays="0"/><audioelement url="moogVCF-AAoff-guitar-5g-8x44100-100000cutoff-1k-.wav" id="moog-guitar-off-8xFs" gain="0" label="" type="normal" alwaysInclude="false" preSilence="0" postSilence="0" minNumberPlays="0"/><survey location="pre"/><survey location="post"/></page>

<!-- moog guitar oversampling AA on -->
<page id="moog-guitar-AAon-1xFs-vs-2xFs" hostURL="media/MoogVCFGuitar/" randomiseOrder="true" repeatCount="0" loop="false" synchronous="true" loudness="-12" label="default" labelStart="" poolSize="0" alwaysInclude="false" preSilence="0" postSilence="0" playOne="false" restrictMovement="false" minNumberPlays="0"><commentboxprefix>Comment on fragment</commentboxprefix><interface><title>Which sounds better?</title></interface><audioelement url="moogVCF-AAon-guitar-5g-1x44100-100000cutoff-1k-.wav" id="moog-guitar-on-1xFs" gain="0" label="" type="normal" alwaysInclude="false" preSilence="0" postSilence="0" minNumberPlays="0"/><audioelement url="moogVCF-AAon-guitar-5g-2x44100-100000cutoff-1k-.wav" id="moog-guitar-on-2xFs" gain="0" label="" type="normal" alwaysInclude="false" preSilence="0" postSilence="0" minNumberPlays="0"/><survey location="pre"/><survey location="post"/></page>

<page id="moog-guitar-AAon-1xFs-vs-4xFs" hostURL="media/MoogVCFGuitar/" randomiseOrder="true" repeatCount="0" loop="false" synchronous="true" loudness="-12" label="default" labelStart="" poolSize="0" alwaysInclude="false" preSilence="0" postSilence="0" playOne="false" restrictMovement="false" minNumberPlays="0"><commentboxprefix>Comment on fragment</commentboxprefix><interface><title>Which sounds better?</title></interface><audioelement url="moogVCF-AAon-guitar-5g-1x44100-100000cutoff-1k-.wav" id="moog-guitar-on-1xFs" gain="0" label="" type="normal" alwaysInclude="false" preSilence="0" postSilence="0" minNumberPlays="0"/><audioelement url="moogVCF-AAon-guitar-5g-4x44100-100000cutoff-1k-.wav" id="moog-guitar-on-4xFs" gain="0" label="" type="normal" alwaysInclude="false" preSilence="0" postSilence="0" minNumberPlays="0"/><survey location="pre"/><survey location="post"/></page>

<page id="moog-guitar-AAon-1xFs-vs-8xFs" hostURL="media/MoogVCFGuitar/" randomiseOrder="true" repeatCount="0" loop="false" synchronous="true" loudness="-12" label="default" labelStart="" poolSize="0" alwaysInclude="false" preSilence="0" postSilence="0" playOne="false" restrictMovement="false" minNumberPlays="0"><commentboxprefix>Comment on fragment</commentboxprefix><interface><title>Which sounds better?</title></interface><audioelement url="moogVCF-AAon-guitar-5g-1x44100-100000cutoff-1k-.wav" id="moog-guitar-on-1xFs" gain="0" label="" type="normal" alwaysInclude="false" preSilence="0" postSilence="0" minNumberPlays="0"/><audioelement url="moogVCF-AAon-guitar-5g-8x44100-100000cutoff-1k-.wav" id="moog-guitar-on-8xFs" gain="0" label="" type="normal" alwaysInclude="false" preSilence="0" postSilence="0" minNumberPlays="0"/><survey location="pre"/><survey location="post"/></page>

<page id="moog-guitar-AAon-2xFs-vs-4xFs" hostURL="media/MoogVCFGuitar/" randomiseOrder="true" repeatCount="0" loop="false" synchronous="true" loudness="-12" label="default" labelStart="" poolSize="0" alwaysInclude="false" preSilence="0" postSilence="0" playOne="false" restrictMovement="false" minNumberPlays="0"><commentboxprefix>Comment on fragment</commentboxprefix><interface><title>Which sounds better?</title></interface><audioelement url="moogVCF-AAon-guitar-5g-2x44100-100000cutoff-1k-.wav" id="moog-guitar-on-2xFs" gain="0" label="" type="normal" alwaysInclude="false" preSilence="0" postSilence="0" minNumberPlays="0"/><audioelement url="moogVCF-AAon-guitar-5g-4x44100-100000cutoff-1k-.wav" id="moog-guitar-on-4xFs" gain="0" label="" type="normal" alwaysInclude="false" preSilence="0" postSilence="0" minNumberPlays="0"/><survey location="pre"/><survey location="post"/></page>

<page id="moog-guitar-AAon-2xFs-vs-8xFs" hostURL="media/MoogVCFGuitar/" randomiseOrder="true" repeatCount="0" loop="false" synchronous="true" loudness="-12" label="default" labelStart="" poolSize="0" alwaysInclude="false" preSilence="0" postSilence="0" playOne="false" restrictMovement="false" minNumberPlays="0"><commentboxprefix>Comment on fragment</commentboxprefix><interface><title>Which sounds better?</title></interface><audioelement url="moogVCF-AAon-guitar-5g-2x44100-100000cutoff-1k-.wav" id="moog-guitar-on-2xFs" gain="0" label="" type="normal" alwaysInclude="false" preSilence="0" postSilence="0" minNumberPlays="0"/><audioelement url="moogVCF-AAon-guitar-5g-8x44100-100000cutoff-1k-.wav" id="moog-guitar-on-8xFs" gain="0" label="" type="normal" alwaysInclude="false" preSilence="0" postSilence="0" minNumberPlays="0"/><survey location="pre"/><survey location="post"/></page>

<page id="moog-guitar-AAon-4xFs-vs-8xFs" hostURL="media/MoogVCFGuitar/" randomiseOrder="true" repeatCount="0" loop="false" synchronous="true" loudness="-12" label="default" labelStart="" poolSize="0" alwaysInclude="false" preSilence="0" postSilence="0" playOne="false" restrictMovement="false" minNumberPlays="0"><commentboxprefix>Comment on fragment</commentboxprefix><interface><title>Which sounds better?</title></interface><audioelement url="moogVCF-AAon-guitar-5g-4x44100-100000cutoff-1k-.wav" id="moog-guitar-on-4xFs" gain="0" label="" type="normal" alwaysInclude="false" preSilence="0" postSilence="0" minNumberPlays="0"/><audioelement url="moogVCF-AAon-guitar-5g-8x44100-100000cutoff-1k-.wav" id="moog-guitar-on-8xFs" gain="0" label="" type="normal" alwaysInclude="false" preSilence="0" postSilence="0" minNumberPlays="0"/><survey location="pre"/><survey location="post"/></page>


<!-- moog guitar -->
<page id="moog-guitar-5-1xFs" hostURL="media/MoogVCFGuitar/" randomiseOrder="true" repeatCount="0" loop="false" synchronous="true" loudness="-12" label="default" labelStart="" poolSize="0" alwaysInclude="false" preSilence="0" postSilence="0" playOne="false" restrictMovement="false" minNumberPlays="0"><commentboxprefix>Comment on fragment</commentboxprefix><interface><title>Which sounds better?</title></interface><audioelement url="moogVCF-AAoff-guitar-5g-1x44100-100000cutoff-1k-.wav" id="moog-guitar-off-5-1xFs" gain="0" label="" type="normal" alwaysInclude="false" preSilence="0" postSilence="0" minNumberPlays="0"/><audioelement url="moogVCF-AAon-guitar-5g-1x44100-100000cutoff-1k-.wav" id="moog-guitar-on-5-1xFs" gain="0" label="" type="normal" alwaysInclude="false" preSilence="0" postSilence="0" minNumberPlays="0"/><survey location="pre"/><survey location="post"/></page>

<page id="moog-guitar-5-2xFs" hostURL="media/MoogVCFGuitar/" randomiseOrder="true" repeatCount="0" loop="false" synchronous="true" loudness="-12" label="default" labelStart="" poolSize="0" alwaysInclude="false" preSilence="0" postSilence="0" playOne="false" restrictMovement="false" minNumberPlays="0"><commentboxprefix>Comment on fragment</commentboxprefix><interface><title>Which sounds better?</title></interface><audioelement url="moogVCF-AAoff-guitar-5g-2x44100-100000cutoff-1k-.wav" id="moog-guitar-off-5-2xFs" gain="0" label="" type="normal" alwaysInclude="false" preSilence="0" postSilence="0" minNumberPlays="0"/><audioelement url="moogVCF-AAon-guitar-5g-2x44100-100000cutoff-1k-.wav" id="moog-guitar-on-5-2xFs" gain="0" label="" type="normal" alwaysInclude="false" preSilence="0" postSilence="0" minNumberPlays="0"/><survey location="pre"/><survey location="post"/></page>

<page id="moog-guitar-5-4xFs" hostURL="media/MoogVCFGuitar/" randomiseOrder="true" repeatCount="0" loop="false" synchronous="true" loudness="-12" label="default" labelStart="" poolSize="0" alwaysInclude="false" preSilence="0" postSilence="0" playOne="false" restrictMovement="false" minNumberPlays="0"><commentboxprefix>Comment on fragment</commentboxprefix><interface><title>Which sounds better?</title></interface><audioelement url="moogVCF-AAoff-guitar-5g-4x44100-100000cutoff-1k-.wav" id="moog-guitar-off-5-4xFs" gain="0" label="" type="normal" alwaysInclude="false" preSilence="0" postSilence="0" minNumberPlays="0"/><audioelement url="moogVCF-AAon-guitar-5g-4x44100-100000cutoff-1k-.wav" id="moog-guitar-on-5-4xFs" gain="0" label="" type="normal" alwaysInclude="false" preSilence="0" postSilence="0" minNumberPlays="0"/><survey location="pre"/><survey location="post"/></page>

<page id="moog-guitar-5-8xFs" hostURL="media/MoogVCFGuitar/" randomiseOrder="true" repeatCount="0" loop="false" synchronous="true" loudness="-12" label="default" labelStart="" poolSize="0" alwaysInclude="false" preSilence="0" postSilence="0" playOne="false" restrictMovement="false" minNumberPlays="0"><commentboxprefix>Comment on fragment</commentboxprefix><interface><title>Which sounds better?</title></interface><audioelement url="moogVCF-AAoff-guitar-5g-8x44100-100000cutoff-1k-.wav" id="moog-guitar-off-5-8xFs" gain="0" label="" type="normal" alwaysInclude="false" preSilence="0" postSilence="0" minNumberPlays="0"/><audioelement url="moogVCF-AAon-guitar-5g-8x44100-100000cutoff-1k-.wav" id="moog-guitar-on-5-8xFs" gain="0" label="" type="normal" alwaysInclude="false" preSilence="0" postSilence="0" minNumberPlays="0"/><survey location="pre"/><survey location="post"/></page>

<!-- diode guitar oversampling AA off -->
<page id="diode-guitar-AAoff-1xFs-vs-2xFs" hostURL="media/DiodeGuitar/" randomiseOrder="true" repeatCount="0" loop="false" synchronous="true" loudness="-12" label="default" labelStart="" poolSize="0" alwaysInclude="false" preSilence="0" postSilence="0" playOne="false" restrictMovement="false" minNumberPlays="0"><commentboxprefix>Comment on fragment</commentboxprefix><interface><title>Which sounds better?</title></interface><audioelement url="diodeTrapezoidal-AAoff-guitar-5g-1x44100.wav" id="diode-guitar-off-1xFs" gain="0" label="" type="normal" alwaysInclude="false" preSilence="0" postSilence="0" minNumberPlays="0"/><audioelement url="diodeTrapezoidal-AAoff-guitar-5g-2x44100.wav" id="diode-guitar-off-2xFs" gain="0" label="" type="normal" alwaysInclude="false" preSilence="0" postSilence="0" minNumberPlays="0"/><survey location="pre"/><survey location="post"/></page>

<page id="diode-guitar-AAoff-1xFs-vs-4xFs" hostURL="media/DiodeGuitar/" randomiseOrder="true" repeatCount="0" loop="false" synchronous="true" loudness="-12" label="default" labelStart="" poolSize="0" alwaysInclude="false" preSilence="0" postSilence="0" playOne="false" restrictMovement="false" minNumberPlays="0"><commentboxprefix>Comment on fragment</commentboxprefix><interface><title>Which sounds better?</title></interface><audioelement url="diodeTrapezoidal-AAoff-guitar-5g-1x44100.wav" id="diode-guitar-off-1xFs" gain="0" label="" type="normal" alwaysInclude="false" preSilence="0" postSilence="0" minNumberPlays="0"/><audioelement url="diodeTrapezoidal-AAoff-guitar-5g-4x44100.wav" id="diode-guitar-off-4xFs" gain="0" label="" type="normal" alwaysInclude="false" preSilence="0" postSilence="0" minNumberPlays="0"/><survey location="pre"/><survey location="post"/></page>

<page id="diode-guitar-AAoff-1xFs-vs-8xFs" hostURL="media/DiodeGuitar/" randomiseOrder="true" repeatCount="0" loop="false" synchronous="true" loudness="-12" label="default" labelStart="" poolSize="0" alwaysInclude="false" preSilence="0" postSilence="0" playOne="false" restrictMovement="false" minNumberPlays="0"><commentboxprefix>Comment on fragment</commentboxprefix><interface><title>Which sounds better?</title></interface><audioelement url="diodeTrapezoidal-AAoff-guitar-5g-1x44100.wav" id="diode-guitar-off-1xFs" gain="0" label="" type="normal" alwaysInclude="false" preSilence="0" postSilence="0" minNumberPlays="0"/><audioelement url="diodeTrapezoidal-AAoff-guitar-5g-8x44100.wav" id="diode-guitar-off-8xFs" gain="0" label="" type="normal" alwaysInclude="false" preSilence="0" postSilence="0" minNumberPlays="0"/><survey location="pre"/><survey location="post"/></page>

<page id="diode-guitar-AAoff-2xFs-vs-4xFs" hostURL="media/DiodeGuitar/" randomiseOrder="true" repeatCount="0" loop="false" synchronous="true" loudness="-12" label="default" labelStart="" poolSize="0" alwaysInclude="false" preSilence="0" postSilence="0" playOne="false" restrictMovement="false" minNumberPlays="0"><commentboxprefix>Comment on fragment</commentboxprefix><interface><title>Which sounds better?</title></interface><audioelement url="diodeTrapezoidal-AAoff-guitar-5g-2x44100.wav" id="diode-guitar-off-2xFs" gain="0" label="" type="normal" alwaysInclude="false" preSilence="0" postSilence="0" minNumberPlays="0"/><audioelement url="diodeTrapezoidal-AAoff-guitar-5g-4x44100.wav" id="diode-guitar-off-4xFs" gain="0" label="" type="normal" alwaysInclude="false" preSilence="0" postSilence="0" minNumberPlays="0"/><survey location="pre"/><survey location="post"/></page>

<page id="diode-guitar-AAoff-2xFs-vs-8xFs" hostURL="media/DiodeGuitar/" randomiseOrder="true" repeatCount="0" loop="false" synchronous="true" loudness="-12" label="default" labelStart="" poolSize="0" alwaysInclude="false" preSilence="0" postSilence="0" playOne="false" restrictMovement="false" minNumberPlays="0"><commentboxprefix>Comment on fragment</commentboxprefix><interface><title>Which sounds better?</title></interface><audioelement url="diodeTrapezoidal-AAoff-guitar-5g-2x44100.wav" id="diode-guitar-off-2xFs" gain="0" label="" type="normal" alwaysInclude="false" preSilence="0" postSilence="0" minNumberPlays="0"/><audioelement url="diodeTrapezoidal-AAoff-guitar-5g-8x44100.wav" id="diode-guitar-off-8xFs" gain="0" label="" type="normal" alwaysInclude="false" preSilence="0" postSilence="0" minNumberPlays="0"/><survey location="pre"/><survey location="post"/></page>

<page id="diode-guitar-AAoff-4xFs-vs-8xFs" hostURL="media/DiodeGuitar/" randomiseOrder="true" repeatCount="0" loop="false" synchronous="true" loudness="-12" label="default" labelStart="" poolSize="0" alwaysInclude="false" preSilence="0" postSilence="0" playOne="false" restrictMovement="false" minNumberPlays="0"><commentboxprefix>Comment on fragment</commentboxprefix><interface><title>Which sounds better?</title></interface><audioelement url="diodeTrapezoidal-AAoff-guitar-5g-4x44100.wav" id="diode-guitar-off-4xFs" gain="0" label="" type="normal" alwaysInclude="false" preSilence="0" postSilence="0" minNumberPlays="0"/><audioelement url="diodeTrapezoidal-AAoff-guitar-5g-8x44100.wav" id="diode-guitar-off-8xFs" gain="0" label="" type="normal" alwaysInclude="false" preSilence="0" postSilence="0" minNumberPlays="0"/><survey location="pre"/><survey location="post"/></page>

<!-- diode guitar oversampling AA on -->
<page id="diode-guitar-AAon-1xFs-vs-2xFs" hostURL="media/DiodeGuitar/" randomiseOrder="true" repeatCount="0" loop="false" synchronous="true" loudness="-12" label="default" labelStart="" poolSize="0" alwaysInclude="false" preSilence="0" postSilence="0" playOne="false" restrictMovement="false" minNumberPlays="0"><commentboxprefix>Comment on fragment</commentboxprefix><interface><title>Which sounds better?</title></interface><audioelement url="diodeTrapezoidal-AAon-guitar-5g-1x44100.wav" id="diode-guitar-on-1xFs" gain="0" label="" type="normal" alwaysInclude="false" preSilence="0" postSilence="0" minNumberPlays="0"/><audioelement url="diodeTrapezoidal-AAon-guitar-5g-2x44100.wav" id="diode-guitar-on-2xFs" gain="0" label="" type="normal" alwaysInclude="false" preSilence="0" postSilence="0" minNumberPlays="0"/><survey location="pre"/><survey location="post"/></page>

<page id="diode-guitar-AAon-1xFs-vs-4xFs" hostURL="media/DiodeGuitar/" randomiseOrder="true" repeatCount="0" loop="false" synchronous="true" loudness="-12" label="default" labelStart="" poolSize="0" alwaysInclude="false" preSilence="0" postSilence="0" playOne="false" restrictMovement="false" minNumberPlays="0"><commentboxprefix>Comment on fragment</commentboxprefix><interface><title>Which sounds better?</title></interface><audioelement url="diodeTrapezoidal-AAon-guitar-5g-1x44100.wav" id="diode-guitar-on-1xFs" gain="0" label="" type="normal" alwaysInclude="false" preSilence="0" postSilence="0" minNumberPlays="0"/><audioelement url="diodeTrapezoidal-AAon-guitar-5g-4x44100.wav" id="diode-guitar-on-4xFs" gain="0" label="" type="normal" alwaysInclude="false" preSilence="0" postSilence="0" minNumberPlays="0"/><survey location="pre"/><survey location="post"/></page>

<page id="diode-guitar-AAon-1xFs-vs-8xFs" hostURL="media/DiodeGuitar/" randomiseOrder="true" repeatCount="0" loop="false" synchronous="true" loudness="-12" label="default" labelStart="" poolSize="0" alwaysInclude="false" preSilence="0" postSilence="0" playOne="false" restrictMovement="false" minNumberPlays="0"><commentboxprefix>Comment on fragment</commentboxprefix><interface><title>Which sounds better?</title></interface><audioelement url="diodeTrapezoidal-AAon-guitar-5g-1x44100.wav" id="diode-guitar-on-1xFs" gain="0" label="" type="normal" alwaysInclude="false" preSilence="0" postSilence="0" minNumberPlays="0"/><audioelement url="diodeTrapezoidal-AAon-guitar-5g-8x44100.wav" id="diode-guitar-on-8xFs" gain="0" label="" type="normal" alwaysInclude="false" preSilence="0" postSilence="0" minNumberPlays="0"/><survey location="pre"/><survey location="post"/></page>

<page id="diode-guitar-AAon-2xFs-vs-4xFs" hostURL="media/DiodeGuitar/" randomiseOrder="true" repeatCount="0" loop="false" synchronous="true" loudness="-12" label="default" labelStart="" poolSize="0" alwaysInclude="false" preSilence="0" postSilence="0" playOne="false" restrictMovement="false" minNumberPlays="0"><commentboxprefix>Comment on fragment</commentboxprefix><interface><title>Which sounds better?</title></interface><audioelement url="diodeTrapezoidal-AAon-guitar-5g-2x44100.wav" id="diode-guitar-on-2xFs" gain="0" label="" type="normal" alwaysInclude="false" preSilence="0" postSilence="0" minNumberPlays="0"/><audioelement url="diodeTrapezoidal-AAon-guitar-5g-4x44100.wav" id="diode-guitar-on-4xFs" gain="0" label="" type="normal" alwaysInclude="false" preSilence="0" postSilence="0" minNumberPlays="0"/><survey location="pre"/><survey location="post"/></page>

<page id="diode-guitar-AAon-2xFs-vs-8xFs" hostURL="media/DiodeGuitar/" randomiseOrder="true" repeatCount="0" loop="false" synchronous="true" loudness="-12" label="default" labelStart="" poolSize="0" alwaysInclude="false" preSilence="0" postSilence="0" playOne="false" restrictMovement="false" minNumberPlays="0"><commentboxprefix>Comment on fragment</commentboxprefix><interface><title>Which sounds better?</title></interface><audioelement url="diodeTrapezoidal-AAon-guitar-5g-2x44100.wav" id="diode-guitar-on-2xFs" gain="0" label="" type="normal" alwaysInclude="false" preSilence="0" postSilence="0" minNumberPlays="0"/><audioelement url="diodeTrapezoidal-AAon-guitar-5g-8x44100.wav" id="diode-guitar-on-8xFs" gain="0" label="" type="normal" alwaysInclude="false" preSilence="0" postSilence="0" minNumberPlays="0"/><survey location="pre"/><survey location="post"/></page>

<page id="diode-guitar-AAon-4xFs-vs-8xFs" hostURL="media/DiodeGuitar/" randomiseOrder="true" repeatCount="0" loop="false" synchronous="true" loudness="-12" label="default" labelStart="" poolSize="0" alwaysInclude="false" preSilence="0" postSilence="0" playOne="false" restrictMovement="false" minNumberPlays="0"><commentboxprefix>Comment on fragment</commentboxprefix><interface><title>Which sounds better?</title></interface><audioelement url="diodeTrapezoidal-AAon-guitar-5g-4x44100.wav" id="diode-guitar-on-4xFs" gain="0" label="" type="normal" alwaysInclude="false" preSilence="0" postSilence="0" minNumberPlays="0"/><audioelement url="diodeTrapezoidal-AAon-guitar-5g-8x44100.wav" id="diode-guitar-on-8xFs" gain="0" label="" type="normal" alwaysInclude="false" preSilence="0" postSilence="0" minNumberPlays="0"/><survey location="pre"/><survey location="post"/></page>


<!-- diode guitar -->
<page id="diode-guitar-5-1xFs" hostURL="media/DiodeGuitar/" randomiseOrder="true" repeatCount="0" loop="false" synchronous="true" loudness="-12" label="default" labelStart="" poolSize="0" alwaysInclude="false" preSilence="0" postSilence="0" playOne="false" restrictMovement="false" minNumberPlays="0"><commentboxprefix>Comment on fragment</commentboxprefix><interface><title>Which sounds better?</title></interface><audioelement url="diodeTrapezoidal-AAoff-guitar-5g-1x44100.wav" id="diode-guitar-off-5-1xFs" gain="0" label="" type="normal" alwaysInclude="false" preSilence="0" postSilence="0" minNumberPlays="0"/><audioelement url="diodeTrapezoidal-AAon-guitar-5g-1x44100.wav" id="diode-guitar-on-5-1xFs" gain="0" label="" type="normal" alwaysInclude="false" preSilence="0" postSilence="0" minNumberPlays="0"/><survey location="pre"/><survey location="post"/></page>

<page id="diode-guitar-5-2xFs" hostURL="media/DiodeGuitar/" randomiseOrder="true" repeatCount="0" loop="false" synchronous="true" loudness="-12" label="default" labelStart="" poolSize="0" alwaysInclude="false" preSilence="0" postSilence="0" playOne="false" restrictMovement="false" minNumberPlays="0"><commentboxprefix>Comment on fragment</commentboxprefix><interface><title>Which sounds better?</title></interface><audioelement url="diodeTrapezoidal-AAoff-guitar-5g-2x44100.wav" id="diode-guitar-off-5-2xFs" gain="0" label="" type="normal" alwaysInclude="false" preSilence="0" postSilence="0" minNumberPlays="0"/><audioelement url="diodeTrapezoidal-AAon-guitar-5g-2x44100.wav" id="diode-guitar-on-5-2xFs" gain="0" label="" type="normal" alwaysInclude="false" preSilence="0" postSilence="0" minNumberPlays="0"/><survey location="pre"/><survey location="post"/></page>

<page id="diode-guitar-5-4xFs" hostURL="media/DiodeGuitar/" randomiseOrder="true" repeatCount="0" loop="false" synchronous="true" loudness="-12" label="default" labelStart="" poolSize="0" alwaysInclude="false" preSilence="0" postSilence="0" playOne="false" restrictMovement="false" minNumberPlays="0"><commentboxprefix>Comment on fragment</commentboxprefix><interface><title>Which sounds better?</title></interface><audioelement url="diodeTrapezoidal-AAoff-guitar-5g-4x44100.wav" id="diode-guitar-off-5-4xFs" gain="0" label="" type="normal" alwaysInclude="false" preSilence="0" postSilence="0" minNumberPlays="0"/><audioelement url="diodeTrapezoidal-AAon-guitar-5g-4x44100.wav" id="diode-guitar-on-5-4xFs" gain="0" label="" type="normal" alwaysInclude="false" preSilence="0" postSilence="0" minNumberPlays="0"/><survey location="pre"/><survey location="post"/></page>

<page id="diode-guitar-5-8xFs" hostURL="media/DiodeGuitar/" randomiseOrder="true" repeatCount="0" loop="false" synchronous="true" loudness="-12" label="default" labelStart="" poolSize="0" alwaysInclude="false" preSilence="0" postSilence="0" playOne="false" restrictMovement="false" minNumberPlays="0"><commentboxprefix>Comment on fragment</commentboxprefix><interface><title>Which sounds better?</title></interface><audioelement url="diodeTrapezoidal-AAoff-guitar-5g-8x44100.wav" id="diode-guitar-off-5-8xFs" gain="0" label="" type="normal" alwaysInclude="false" preSilence="0" postSilence="0" minNumberPlays="0"/><audioelement url="diodeTrapezoidal-AAon-guitar-5g-8x44100.wav" id="diode-guitar-on-5-8xFs" gain="0" label="" type="normal" alwaysInclude="false" preSilence="0" postSilence="0" minNumberPlays="0"/><survey location="pre"/><survey location="post"/></page>

<!-- moog synth oversampling AAoff -->
<page id="moog-synth-AAoff-1xFs-vs-2xFs" hostURL="media/MoogVCFSynth/" randomiseOrder="true" repeatCount="0" loop="false" synchronous="true" loudness="-12" label="default" labelStart="" poolSize="0" alwaysInclude="false" preSilence="0" postSilence="0" playOne="false" restrictMovement="false" minNumberPlays="0"><commentboxprefix>Comment on fragment</commentboxprefix><interface><title>Which sounds better?</title></interface><audioelement url="moogVCF-AAoff-synth-5g-1x44100-100000cutoff-1k-.wav" id="moog-synth-off-1xFs" gain="0" label="" type="normal" alwaysInclude="false" preSilence="0" postSilence="0" minNumberPlays="0"/><audioelement url="moogVCF-AAoff-synth-5g-2x44100-100000cutoff-1k-.wav" id="moog-synth-off-2xFs" gain="0" label="" type="normal" alwaysInclude="false" preSilence="0" postSilence="0" minNumberPlays="0"/><survey location="pre"/><survey location="post"/></page>

<page id="moog-synth-AAoff-1xFs-vs-4xFs" hostURL="media/MoogVCFSynth/" randomiseOrder="true" repeatCount="0" loop="false" synchronous="true" loudness="-12" label="default" labelStart="" poolSize="0" alwaysInclude="false" preSilence="0" postSilence="0" playOne="false" restrictMovement="false" minNumberPlays="0"><commentboxprefix>Comment on fragment</commentboxprefix><interface><title>Which sounds better?</title></interface><audioelement url="moogVCF-AAoff-synth-5g-1x44100-100000cutoff-1k-.wav" id="moog-synth-off-1xFs" gain="0" label="" type="normal" alwaysInclude="false" preSilence="0" postSilence="0" minNumberPlays="0"/><audioelement url="moogVCF-AAoff-synth-5g-4x44100-100000cutoff-1k-.wav" id="moog-synth-off-4xFs" gain="0" label="" type="normal" alwaysInclude="false" preSilence="0" postSilence="0" minNumberPlays="0"/><survey location="pre"/><survey location="post"/></page>

<page id="moog-synth-AAoff-1xFs-vs-8xFs" hostURL="media/MoogVCFSynth/" randomiseOrder="true" repeatCount="0" loop="false" synchronous="true" loudness="-12" label="default" labelStart="" poolSize="0" alwaysInclude="false" preSilence="0" postSilence="0" playOne="false" restrictMovement="false" minNumberPlays="0"><commentboxprefix>Comment on fragment</commentboxprefix><interface><title>Which sounds better?</title></interface><audioelement url="moogVCF-AAoff-synth-5g-1x44100-100000cutoff-1k-.wav" id="moog-synth-off-1xFs" gain="0" label="" type="normal" alwaysInclude="false" preSilence="0" postSilence="0" minNumberPlays="0"/><audioelement url="moogVCF-AAoff-synth-5g-8x44100-100000cutoff-1k-.wav" id="moog-synth-off-8xFs" gain="0" label="" type="normal" alwaysInclude="false" preSilence="0" postSilence="0" minNumberPlays="0"/><survey location="pre"/><survey location="post"/></page>

<page id="moog-synth-AAoff-2xFs-vs-4xFs" hostURL="media/MoogVCFSynth/" randomiseOrder="true" repeatCount="0" loop="false" synchronous="true" loudness="-12" label="default" labelStart="" poolSize="0" alwaysInclude="false" preSilence="0" postSilence="0" playOne="false" restrictMovement="false" minNumberPlays="0"><commentboxprefix>Comment on fragment</commentboxprefix><interface><title>Which sounds better?</title></interface><audioelement url="moogVCF-AAoff-synth-5g-2x44100-100000cutoff-1k-.wav" id="moog-synth-off-2xFs" gain="0" label="" type="normal" alwaysInclude="false" preSilence="0" postSilence="0" minNumberPlays="0"/><audioelement url="moogVCF-AAoff-synth-5g-4x44100-100000cutoff-1k-.wav" id="moog-synth-off-4xFs" gain="0" label="" type="normal" alwaysInclude="false" preSilence="0" postSilence="0" minNumberPlays="0"/><survey location="pre"/><survey location="post"/></page>

<page id="moog-synth-AAoff-2xFs-vs-8xFs" hostURL="media/MoogVCFSynth/" randomiseOrder="true" repeatCount="0" loop="false" synchronous="true" loudness="-12" label="default" labelStart="" poolSize="0" alwaysInclude="false" preSilence="0" postSilence="0" playOne="false" restrictMovement="false" minNumberPlays="0"><commentboxprefix>Comment on fragment</commentboxprefix><interface><title>Which sounds better?</title></interface><audioelement url="moogVCF-AAoff-synth-5g-2x44100-100000cutoff-1k-.wav" id="moog-synth-off-2xFs" gain="0" label="" type="normal" alwaysInclude="false" preSilence="0" postSilence="0" minNumberPlays="0"/><audioelement url="moogVCF-AAoff-synth-5g-8x44100-100000cutoff-1k-.wav" id="moog-synth-off-8xFs" gain="0" label="" type="normal" alwaysInclude="false" preSilence="0" postSilence="0" minNumberPlays="0"/><survey location="pre"/><survey location="post"/></page>

<page id="moog-synth-AAoff-4xFs-vs-8xFs" hostURL="media/MoogVCFSynth/" randomiseOrder="true" repeatCount="0" loop="false" synchronous="true" loudness="-12" label="default" labelStart="" poolSize="0" alwaysInclude="false" preSilence="0" postSilence="0" playOne="false" restrictMovement="false" minNumberPlays="0"><commentboxprefix>Comment on fragment</commentboxprefix><interface><title>Which sounds better?</title></interface><audioelement url="moogVCF-AAoff-synth-5g-4x44100-100000cutoff-1k-.wav" id="moog-synth-off-4xFs" gain="0" label="" type="normal" alwaysInclude="false" preSilence="0" postSilence="0" minNumberPlays="0"/><audioelement url="moogVCF-AAoff-synth-5g-8x44100-100000cutoff-1k-.wav" id="moog-synth-off-8xFs" gain="0" label="" type="normal" alwaysInclude="false" preSilence="0" postSilence="0" minNumberPlays="0"/><survey location="pre"/><survey location="post"/></page>


<!-- moog synth oversampling AAon -->
<page id="moog-synth-AAon-1xFs-vs-2xFs" hostURL="media/MoogVCFSynth/" randomiseOrder="true" repeatCount="0" loop="false" synchronous="true" loudness="-12" label="default" labelStart="" poolSize="0" alwaysInclude="false" preSilence="0" postSilence="0" playOne="false" restrictMovement="false" minNumberPlays="0"><commentboxprefix>Comment on fragment</commentboxprefix><interface><title>Which sounds better?</title></interface><audioelement url="moogVCF-AAon-synth-5g-1x44100-100000cutoff-1k-.wav" id="moog-synth-on-1xFs" gain="0" label="" type="normal" alwaysInclude="false" preSilence="0" postSilence="0" minNumberPlays="0"/><audioelement url="moogVCF-AAon-synth-5g-2x44100-100000cutoff-1k-.wav" id="moog-synth-on-2xFs" gain="0" label="" type="normal" alwaysInclude="false" preSilence="0" postSilence="0" minNumberPlays="0"/><survey location="pre"/><survey location="post"/></page>

<page id="moog-synth-AAon-1xFs-vs-4xFs" hostURL="media/MoogVCFSynth/" randomiseOrder="true" repeatCount="0" loop="false" synchronous="true" loudness="-12" label="default" labelStart="" poolSize="0" alwaysInclude="false" preSilence="0" postSilence="0" playOne="false" restrictMovement="false" minNumberPlays="0"><commentboxprefix>Comment on fragment</commentboxprefix><interface><title>Which sounds better?</title></interface><audioelement url="moogVCF-AAon-synth-5g-1x44100-100000cutoff-1k-.wav" id="moog-synth-on-1xFs" gain="0" label="" type="normal" alwaysInclude="false" preSilence="0" postSilence="0" minNumberPlays="0"/><audioelement url="moogVCF-AAon-synth-5g-4x44100-100000cutoff-1k-.wav" id="moog-synth-on-4xFs" gain="0" label="" type="normal" alwaysInclude="false" preSilence="0" postSilence="0" minNumberPlays="0"/><survey location="pre"/><survey location="post"/></page>

<page id="moog-synth-AAon-1xFs-vs-8xFs" hostURL="media/MoogVCFSynth/" randomiseOrder="true" repeatCount="0" loop="false" synchronous="true" loudness="-12" label="default" labelStart="" poolSize="0" alwaysInclude="false" preSilence="0" postSilence="0" playOne="false" restrictMovement="false" minNumberPlays="0"><commentboxprefix>Comment on fragment</commentboxprefix><interface><title>Which sounds better?</title></interface><audioelement url="moogVCF-AAon-synth-5g-1x44100-100000cutoff-1k-.wav" id="moog-synth-on-1xFs" gain="0" label="" type="normal" alwaysInclude="false" preSilence="0" postSilence="0" minNumberPlays="0"/><audioelement url="moogVCF-AAon-synth-5g-8x44100-100000cutoff-1k-.wav" id="moog-synth-on-8xFs" gain="0" label="" type="normal" alwaysInclude="false" preSilence="0" postSilence="0" minNumberPlays="0"/><survey location="pre"/><survey location="post"/></page>

<page id="moog-synth-AAon-2xFs-vs-4xFs" hostURL="media/MoogVCFSynth/" randomiseOrder="true" repeatCount="0" loop="false" synchronous="true" loudness="-12" label="default" labelStart="" poolSize="0" alwaysInclude="false" preSilence="0" postSilence="0" playOne="false" restrictMovement="false" minNumberPlays="0"><commentboxprefix>Comment on fragment</commentboxprefix><interface><title>Which sounds better?</title></interface><audioelement url="moogVCF-AAon-synth-5g-2x44100-100000cutoff-1k-.wav" id="moog-synth-on-2xFs" gain="0" label="" type="normal" alwaysInclude="false" preSilence="0" postSilence="0" minNumberPlays="0"/><audioelement url="moogVCF-AAon-synth-5g-4x44100-100000cutoff-1k-.wav" id="moog-synth-on-4xFs" gain="0" label="" type="normal" alwaysInclude="false" preSilence="0" postSilence="0" minNumberPlays="0"/><survey location="pre"/><survey location="post"/></page>

<page id="moog-synth-AAon-2xFs-vs-8xFs" hostURL="media/MoogVCFSynth/" randomiseOrder="true" repeatCount="0" loop="false" synchronous="true" loudness="-12" label="default" labelStart="" poolSize="0" alwaysInclude="false" preSilence="0" postSilence="0" playOne="false" restrictMovement="false" minNumberPlays="0"><commentboxprefix>Comment on fragment</commentboxprefix><interface><title>Which sounds better?</title></interface><audioelement url="moogVCF-AAon-synth-5g-2x44100-100000cutoff-1k-.wav" id="moog-synth-on-2xFs" gain="0" label="" type="normal" alwaysInclude="false" preSilence="0" postSilence="0" minNumberPlays="0"/><audioelement url="moogVCF-AAon-synth-5g-8x44100-100000cutoff-1k-.wav" id="moog-synth-on-8xFs" gain="0" label="" type="normal" alwaysInclude="false" preSilence="0" postSilence="0" minNumberPlays="0"/><survey location="pre"/><survey location="post"/></page>

<page id="moog-synth-AAon-4xFs-vs-8xFs" hostURL="media/MoogVCFSynth/" randomiseOrder="true" repeatCount="0" loop="false" synchronous="true" loudness="-12" label="default" labelStart="" poolSize="0" alwaysInclude="false" preSilence="0" postSilence="0" playOne="false" restrictMovement="false" minNumberPlays="0"><commentboxprefix>Comment on fragment</commentboxprefix><interface><title>Which sounds better?</title></interface><audioelement url="moogVCF-AAon-synth-5g-4x44100-100000cutoff-1k-.wav" id="moog-synth-on-4xFs" gain="0" label="" type="normal" alwaysInclude="false" preSilence="0" postSilence="0" minNumberPlays="0"/><audioelement url="moogVCF-AAon-synth-5g-8x44100-100000cutoff-1k-.wav" id="moog-synth-on-8xFs" gain="0" label="" type="normal" alwaysInclude="false" preSilence="0" postSilence="0" minNumberPlays="0"/><survey location="pre"/><survey location="post"/></page>


<!-- moog synth -->
<page id="moog-synth-5-1xFs" hostURL="media/MoogVCFSynth/" randomiseOrder="true" repeatCount="0" loop="false" synchronous="true" loudness="-12" label="default" labelStart="" poolSize="0" alwaysInclude="false" preSilence="0" postSilence="0" playOne="false" restrictMovement="false" minNumberPlays="0"><commentboxprefix>Comment on fragment</commentboxprefix><interface><title>Which sounds better?</title></interface><audioelement url="moogVCF-AAoff-synth-5g-1x44100-100000cutoff-1k-.wav" id="moog-synth-off-5-1xFs" gain="0" label="" type="normal" alwaysInclude="false" preSilence="0" postSilence="0" minNumberPlays="0"/><audioelement url="moogVCF-AAon-synth-5g-1x44100-100000cutoff-1k-.wav" id="moog-synth-on-5-1xFs" gain="0" label="" type="normal" alwaysInclude="false" preSilence="0" postSilence="0" minNumberPlays="0"/><survey location="pre"/><survey location="post"/></page>

<page id="moog-synth-5-2xFs" hostURL="media/MoogVCFSynth/" randomiseOrder="true" repeatCount="0" loop="false" synchronous="true" loudness="-12" label="default" labelStart="" poolSize="0" alwaysInclude="false" preSilence="0" postSilence="0" playOne="false" restrictMovement="false" minNumberPlays="0"><commentboxprefix>Comment on fragment</commentboxprefix><interface><title>Which sounds better?</title></interface><audioelement url="moogVCF-AAoff-synth-5g-2x44100-100000cutoff-1k-.wav" id="moog-synth-off-5-2xFs" gain="0" label="" type="normal" alwaysInclude="false" preSilence="0" postSilence="0" minNumberPlays="0"/><audioelement url="moogVCF-AAon-synth-5g-2x44100-100000cutoff-1k-.wav" id="moog-synth-on-5-2xFs" gain="0" label="" type="normal" alwaysInclude="false" preSilence="0" postSilence="0" minNumberPlays="0"/><survey location="pre"/><survey location="post"/></page>

<page id="moog-synth-5-4xFs" hostURL="media/MoogVCFSynth/" randomiseOrder="true" repeatCount="0" loop="false" synchronous="true" loudness="-12" label="default" labelStart="" poolSize="0" alwaysInclude="false" preSilence="0" postSilence="0" playOne="false" restrictMovement="false" minNumberPlays="0"><commentboxprefix>Comment on fragment</commentboxprefix><interface><title>Which sounds better?</title></interface><audioelement url="moogVCF-AAoff-synth-5g-4x44100-100000cutoff-1k-.wav" id="moog-synth-off-5-4xFs" gain="0" label="" type="normal" alwaysInclude="false" preSilence="0" postSilence="0" minNumberPlays="0"/><audioelement url="moogVCF-AAon-synth-5g-4x44100-100000cutoff-1k-.wav" id="moog-synth-on-5-4xFs" gain="0" label="" type="normal" alwaysInclude="false" preSilence="0" postSilence="0" minNumberPlays="0"/><survey location="pre"/><survey location="post"/></page>

<page id="moog-synth-5-8xFs" hostURL="media/MoogVCFSynth/" randomiseOrder="true" repeatCount="0" loop="false" synchronous="true" loudness="-12" label="default" labelStart="" poolSize="0" alwaysInclude="false" preSilence="0" postSilence="0" playOne="false" restrictMovement="false" minNumberPlays="0"><commentboxprefix>Comment on fragment</commentboxprefix><interface><title>Which sounds better?</title></interface><audioelement url="moogVCF-AAoff-synth-5g-8x44100-100000cutoff-1k-.wav" id="moog-synth-off-5-8xFs" gain="0" label="" type="normal" alwaysInclude="false" preSilence="0" postSilence="0" minNumberPlays="0"/><audioelement url="moogVCF-AAon-synth-5g-8x44100-100000cutoff-1k-.wav" id="moog-synth-on-5-8xFs" gain="0" label="" type="normal" alwaysInclude="false" preSilence="0" postSilence="0" minNumberPlays="0"/><survey location="pre"/><survey location="post"/></page>


<!-- diode synth oversampling AAoff -->

<page id="diode-synth-AAoff-1xFs-vs-2xFs" hostURL="media/DiodeSynth/" randomiseOrder="true" repeatCount="0" loop="false" synchronous="true" loudness="-12" label="default" labelStart="" poolSize="0" alwaysInclude="false" preSilence="0" postSilence="0" playOne="false" restrictMovement="false" minNumberPlays="0"><commentboxprefix>Comment on fragment</commentboxprefix><interface><title>Which sounds better?</title></interface><audioelement url="diodeTrapezoidal-AAoff-synth-5g-1x44100.wav" id="diode-synth-off-1xFs" gain="0" label="" type="normal" alwaysInclude="false" preSilence="0" postSilence="0" minNumberPlays="0"/><audioelement url="diodeTrapezoidal-AAoff-synth-5g-2x44100.wav" id="diode-synth-off-2xFs" gain="0" label="" type="normal" alwaysInclude="false" preSilence="0" postSilence="0" minNumberPlays="0"/><survey location="pre"/><survey location="post"/></page>

<page id="diode-synth-AAoff-1xFs-vs-4xFs" hostURL="media/DiodeSynth/" randomiseOrder="true" repeatCount="0" loop="false" synchronous="true" loudness="-12" label="default" labelStart="" poolSize="0" alwaysInclude="false" preSilence="0" postSilence="0" playOne="false" restrictMovement="false" minNumberPlays="0"><commentboxprefix>Comment on fragment</commentboxprefix><interface><title>Which sounds better?</title></interface><audioelement url="diodeTrapezoidal-AAoff-synth-5g-1x44100.wav" id="diode-synth-off-1xFs" gain="0" label="" type="normal" alwaysInclude="false" preSilence="0" postSilence="0" minNumberPlays="0"/><audioelement url="diodeTrapezoidal-AAoff-synth-5g-4x44100.wav" id="diode-synth-off-4xFs" gain="0" label="" type="normal" alwaysInclude="false" preSilence="0" postSilence="0" minNumberPlays="0"/><survey location="pre"/><survey location="post"/></page>

<page id="diode-synth-AAoff-1xFs-vs-8xFs" hostURL="media/DiodeSynth/" randomiseOrder="true" repeatCount="0" loop="false" synchronous="true" loudness="-12" label="default" labelStart="" poolSize="0" alwaysInclude="false" preSilence="0" postSilence="0" playOne="false" restrictMovement="false" minNumberPlays="0"><commentboxprefix>Comment on fragment</commentboxprefix><interface><title>Which sounds better?</title></interface><audioelement url="diodeTrapezoidal-AAoff-synth-5g-1x44100.wav" id="diode-synth-off-1xFs" gain="0" label="" type="normal" alwaysInclude="false" preSilence="0" postSilence="0" minNumberPlays="0"/><audioelement url="diodeTrapezoidal-AAoff-synth-5g-8x44100.wav" id="diode-synth-off-8xFs" gain="0" label="" type="normal" alwaysInclude="false" preSilence="0" postSilence="0" minNumberPlays="0"/><survey location="pre"/><survey location="post"/></page>

<page id="diode-synth-AAoff-2xFs-vs-4xFs" hostURL="media/DiodeSynth/" randomiseOrder="true" repeatCount="0" loop="false" synchronous="true" loudness="-12" label="default" labelStart="" poolSize="0" alwaysInclude="false" preSilence="0" postSilence="0" playOne="false" restrictMovement="false" minNumberPlays="0"><commentboxprefix>Comment on fragment</commentboxprefix><interface><title>Which sounds better?</title></interface><audioelement url="diodeTrapezoidal-AAoff-synth-5g-2x44100.wav" id="diode-synth-off-2xFs" gain="0" label="" type="normal" alwaysInclude="false" preSilence="0" postSilence="0" minNumberPlays="0"/><audioelement url="diodeTrapezoidal-AAoff-synth-5g-4x44100.wav" id="diode-synth-off-4xFs" gain="0" label="" type="normal" alwaysInclude="false" preSilence="0" postSilence="0" minNumberPlays="0"/><survey location="pre"/><survey location="post"/></page>

<page id="diode-synth-AAoff-2xFs-vs-8xFs" hostURL="media/DiodeSynth/" randomiseOrder="true" repeatCount="0" loop="false" synchronous="true" loudness="-12" label="default" labelStart="" poolSize="0" alwaysInclude="false" preSilence="0" postSilence="0" playOne="false" restrictMovement="false" minNumberPlays="0"><commentboxprefix>Comment on fragment</commentboxprefix><interface><title>Which sounds better?</title></interface><audioelement url="diodeTrapezoidal-AAoff-synth-5g-2x44100.wav" id="diode-synth-off-2xFs" gain="0" label="" type="normal" alwaysInclude="false" preSilence="0" postSilence="0" minNumberPlays="0"/><audioelement url="diodeTrapezoidal-AAoff-synth-5g-8x44100.wav" id="diode-synth-off-8xFs" gain="0" label="" type="normal" alwaysInclude="false" preSilence="0" postSilence="0" minNumberPlays="0"/><survey location="pre"/><survey location="post"/></page>

<page id="diode-synth-AAoff-4xFs-vs-8xFs" hostURL="media/DiodeSynth/" randomiseOrder="true" repeatCount="0" loop="false" synchronous="true" loudness="-12" label="default" labelStart="" poolSize="0" alwaysInclude="false" preSilence="0" postSilence="0" playOne="false" restrictMovement="false" minNumberPlays="0"><commentboxprefix>Comment on fragment</commentboxprefix><interface><title>Which sounds better?</title></interface><audioelement url="diodeTrapezoidal-AAoff-synth-5g-4x44100.wav" id="diode-synth-off-4xFs" gain="0" label="" type="normal" alwaysInclude="false" preSilence="0" postSilence="0" minNumberPlays="0"/><audioelement url="diodeTrapezoidal-AAoff-synth-5g-8x44100.wav" id="diode-synth-off-8xFs" gain="0" label="" type="normal" alwaysInclude="false" preSilence="0" postSilence="0" minNumberPlays="0"/><survey location="pre"/><survey location="post"/></page>


<!-- diode synth oversampling AAon -->

<page id="diode-synth-AAon-1xFs-vs-2xFs" hostURL="media/DiodeSynth/" randomiseOrder="true" repeatCount="0" loop="false" synchronous="true" loudness="-12" label="default" labelStart="" poolSize="0" alwaysInclude="false" preSilence="0" postSilence="0" playOne="false" restrictMovement="false" minNumberPlays="0"><commentboxprefix>Comment on fragment</commentboxprefix><interface><title>Which sounds better?</title></interface><audioelement url="diodeTrapezoidal-AAon-synth-5g-1x44100.wav" id="diode-synth-on-1xFs" gain="0" label="" type="normal" alwaysInclude="false" preSilence="0" postSilence="0" minNumberPlays="0"/><audioelement url="diodeTrapezoidal-AAon-synth-5g-2x44100.wav" id="diode-synth-on-2xFs" gain="0" label="" type="normal" alwaysInclude="false" preSilence="0" postSilence="0" minNumberPlays="0"/><survey location="pre"/><survey location="post"/></page>

<page id="diode-synth-AAon-1xFs-vs-4xFs" hostURL="media/DiodeSynth/" randomiseOrder="true" repeatCount="0" loop="false" synchronous="true" loudness="-12" label="default" labelStart="" poolSize="0" alwaysInclude="false" preSilence="0" postSilence="0" playOne="false" restrictMovement="false" minNumberPlays="0"><commentboxprefix>Comment on fragment</commentboxprefix><interface><title>Which sounds better?</title></interface><audioelement url="diodeTrapezoidal-AAon-synth-5g-1x44100.wav" id="diode-synth-on-1xFs" gain="0" label="" type="normal" alwaysInclude="false" preSilence="0" postSilence="0" minNumberPlays="0"/><audioelement url="diodeTrapezoidal-AAon-synth-5g-4x44100.wav" id="diode-synth-on-4xFs" gain="0" label="" type="normal" alwaysInclude="false" preSilence="0" postSilence="0" minNumberPlays="0"/><survey location="pre"/><survey location="post"/></page>

<page id="diode-synth-AAon-1xFs-vs-8xFs" hostURL="media/DiodeSynth/" randomiseOrder="true" repeatCount="0" loop="false" synchronous="true" loudness="-12" label="default" labelStart="" poolSize="0" alwaysInclude="false" preSilence="0" postSilence="0" playOne="false" restrictMovement="false" minNumberPlays="0"><commentboxprefix>Comment on fragment</commentboxprefix><interface><title>Which sounds better?</title></interface><audioelement url="diodeTrapezoidal-AAon-synth-5g-1x44100.wav" id="diode-synth-on-1xFs" gain="0" label="" type="normal" alwaysInclude="false" preSilence="0" postSilence="0" minNumberPlays="0"/><audioelement url="diodeTrapezoidal-AAon-synth-5g-8x44100.wav" id="diode-synth-on-8xFs" gain="0" label="" type="normal" alwaysInclude="false" preSilence="0" postSilence="0" minNumberPlays="0"/><survey location="pre"/><survey location="post"/></page>

<page id="diode-synth-AAon-2xFs-vs-4xFs" hostURL="media/DiodeSynth/" randomiseOrder="true" repeatCount="0" loop="false" synchronous="true" loudness="-12" label="default" labelStart="" poolSize="0" alwaysInclude="false" preSilence="0" postSilence="0" playOne="false" restrictMovement="false" minNumberPlays="0"><commentboxprefix>Comment on fragment</commentboxprefix><interface><title>Which sounds better?</title></interface><audioelement url="diodeTrapezoidal-AAon-synth-5g-2x44100.wav" id="diode-synth-on-2xFs" gain="0" label="" type="normal" alwaysInclude="false" preSilence="0" postSilence="0" minNumberPlays="0"/><audioelement url="diodeTrapezoidal-AAon-synth-5g-4x44100.wav" id="diode-synth-on-4xFs" gain="0" label="" type="normal" alwaysInclude="false" preSilence="0" postSilence="0" minNumberPlays="0"/><survey location="pre"/><survey location="post"/></page>

<page id="diode-synth-AAon-2xFs-vs-8xFs" hostURL="media/DiodeSynth/" randomiseOrder="true" repeatCount="0" loop="false" synchronous="true" loudness="-12" label="default" labelStart="" poolSize="0" alwaysInclude="false" preSilence="0" postSilence="0" playOne="false" restrictMovement="false" minNumberPlays="0"><commentboxprefix>Comment on fragment</commentboxprefix><interface><title>Which sounds better?</title></interface><audioelement url="diodeTrapezoidal-AAon-synth-5g-2x44100.wav" id="diode-synth-on-2xFs" gain="0" label="" type="normal" alwaysInclude="false" preSilence="0" postSilence="0" minNumberPlays="0"/><audioelement url="diodeTrapezoidal-AAon-synth-5g-8x44100.wav" id="diode-synth-on-8xFs" gain="0" label="" type="normal" alwaysInclude="false" preSilence="0" postSilence="0" minNumberPlays="0"/><survey location="pre"/><survey location="post"/></page>

<page id="diode-synth-AAon-4xFs-vs-8xFs" hostURL="media/DiodeSynth/" randomiseOrder="true" repeatCount="0" loop="false" synchronous="true" loudness="-12" label="default" labelStart="" poolSize="0" alwaysInclude="false" preSilence="0" postSilence="0" playOne="false" restrictMovement="false" minNumberPlays="0"><commentboxprefix>Comment on fragment</commentboxprefix><interface><title>Which sounds better?</title></interface><audioelement url="diodeTrapezoidal-AAon-synth-5g-4x44100.wav" id="diode-synth-on-4xFs" gain="0" label="" type="normal" alwaysInclude="false" preSilence="0" postSilence="0" minNumberPlays="0"/><audioelement url="diodeTrapezoidal-AAon-synth-5g-8x44100.wav" id="diode-synth-on-8xFs" gain="0" label="" type="normal" alwaysInclude="false" preSilence="0" postSilence="0" minNumberPlays="0"/><survey location="pre"/><survey location="post"/></page>


<!-- diode synth -->
<page id="diode-synth-5-1xFs" hostURL="media/DiodeSynth/" randomiseOrder="true" repeatCount="0" loop="false" synchronous="true" loudness="-12" label="default" labelStart="" poolSize="0" alwaysInclude="false" preSilence="0" postSilence="0" playOne="false" restrictMovement="false" minNumberPlays="0"><commentboxprefix>Comment on fragment</commentboxprefix><interface><title>Which sounds better?</title></interface><audioelement url="diodeTrapezoidal-AAoff-synth-5g-1x44100.wav" id="diode-synth-off-5-1xFs" gain="0" label="" type="normal" alwaysInclude="false" preSilence="0" postSilence="0" minNumberPlays="0"/><audioelement url="diodeTrapezoidal-AAon-synth-5g-1x44100.wav" id="diode-synth-on-5-1xFs" gain="0" label="" type="normal" alwaysInclude="false" preSilence="0" postSilence="0" minNumberPlays="0"/><survey location="pre"/><survey location="post"/></page>

<page id="diode-synth-5-2xFs" hostURL="media/DiodeSynth/" randomiseOrder="true" repeatCount="0" loop="false" synchronous="true" loudness="-12" label="default" labelStart="" poolSize="0" alwaysInclude="false" preSilence="0" postSilence="0" playOne="false" restrictMovement="false" minNumberPlays="0"><commentboxprefix>Comment on fragment</commentboxprefix><interface><title>Which sounds better?</title></interface><audioelement url="diodeTrapezoidal-AAoff-synth-5g-2x44100.wav" id="diode-synth-off-5-2xFs" gain="0" label="" type="normal" alwaysInclude="false" preSilence="0" postSilence="0" minNumberPlays="0"/><audioelement url="diodeTrapezoidal-AAon-synth-5g-2x44100.wav" id="diode-synth-on-5-2xFs" gain="0" label="" type="normal" alwaysInclude="false" preSilence="0" postSilence="0" minNumberPlays="0"/><survey location="pre"/><survey location="post"/></page>

<page id="diode-synth-5-4xFs" hostURL="media/DiodeSynth/" randomiseOrder="true" repeatCount="0" loop="false" synchronous="true" loudness="-12" label="default" labelStart="" poolSize="0" alwaysInclude="false" preSilence="0" postSilence="0" playOne="false" restrictMovement="false" minNumberPlays="0"><commentboxprefix>Comment on fragment</commentboxprefix><interface><title>Which sounds better?</title></interface><audioelement url="diodeTrapezoidal-AAoff-synth-5g-4x44100.wav" id="diode-synth-off-5-4xFs" gain="0" label="" type="normal" alwaysInclude="false" preSilence="0" postSilence="0" minNumberPlays="0"/><audioelement url="diodeTrapezoidal-AAon-synth-5g-4x44100.wav" id="diode-synth-on-5-4xFs" gain="0" label="" type="normal" alwaysInclude="false" preSilence="0" postSilence="0" minNumberPlays="0"/><survey location="pre"/><survey location="post"/></page>

<page id="diode-synth-5-8xFs" hostURL="media/DiodeSynth/" randomiseOrder="true" repeatCount="0" loop="false" synchronous="true" loudness="-12" label="default" labelStart="" poolSize="0" alwaysInclude="false" preSilence="0" postSilence="0" playOne="false" restrictMovement="false" minNumberPlays="0"><commentboxprefix>Comment on fragment</commentboxprefix><interface><title>Which sounds better?</title></interface><audioelement url="diodeTrapezoidal-AAoff-synth-5g-8x44100.wav" id="diode-synth-off-5-8xFs" gain="0" label="" type="normal" alwaysInclude="false" preSilence="0" postSilence="0" minNumberPlays="0"/><audioelement url="diodeTrapezoidal-AAon-synth-5g-8x44100.wav" id="diode-synth-on-5-8xFs" gain="0" label="" type="normal" alwaysInclude="false" preSilence="0" postSilence="0" minNumberPlays="0"/><survey location="pre"/><survey location="post"/></page>
</waet>
